<?xml version="1.0" encoding="UTF-8"?>
<!-- Generated by org.testng.reporters.JUnitReportReporter -->
<testsuite hostname="DESKTOP-S64H8J8" failures="0" tests="4" name="TestClass.Test1" time="4.750" errors="0" timestamp="2023-06-17T20:26:25 IST" skipped="0">
  <testcase classname="TestClass.Test1" name="loginPage" time="0.233"/>
  <system-out/>
  <testcase classname="TestClass.Test1" name="mome" time="0.474"/>
  <system-out/>
  <testcase classname="TestClass.Test1" name="selectMobile" time="3.987"/>
  <system-out/>
  <testcase classname="TestClass.Test1" name="addtocart" time="0.056"/>
  <system-out/>
</testsuite> <!-- TestClass.Test1 -->
